This file contains any messages produced by compilers while
running configure, to aid debugging if configure makes a mistake.

It was created by configure, which was
generated by GNU Autoconf 2.68.  Invocation command line was

  $ ./configure --disable-option-checking --prefix=/usr/local --host=mipsel-openwrt-linux host_alias=mipsel-openwrt-linux CFLAGS= --cache-file=/dev/null --srcdir=.

## --------- ##
## Platform. ##
## --------- ##

hostname = cloudserver
uname -m = x86_64
uname -r = 3.16.0-55-generic
uname -s = Linux
uname -v = #74~14.04.1-Ubuntu SMP Tue Nov 17 10:15:59 UTC 2015

/usr/bin/uname -p = unknown
/bin/uname -X     = unknown

/bin/arch              = unknown
/usr/bin/arch -k       = unknown
/usr/convex/getsysinfo = unknown
/usr/bin/hostinfo      = unknown
/bin/machine           = unknown
/usr/bin/oslevel       = unknown
/bin/universe          = unknown

PATH: /opt/opmt/staging_dir/target-mipsel_1004kc+dsp_musl-1.1.10/host/bin
PATH: /opt/opmt/staging_dir/toolchain-mipsel_1004kc+dsp_gcc-4.8-linaro_musl-1.1.10/bin
PATH: /opt/opmt/staging_dir/toolchain-mipsel_1004kc+dsp_gcc-4.8-linaro_musl-1.1.10/bin
PATH: /opt/opmt/staging_dir/host/bin
PATH: /opt/opmt/staging_dir/host/bin
PATH: /ugw/bin
PATH: /ugw/script
PATH: /usr/local/sbin
PATH: /usr/local/bin
PATH: /usr/sbin
PATH: /usr/bin
PATH: /sbin
PATH: /bin
PATH: /usr/games
PATH: /usr/local/games
PATH: /root/bin


## ----------- ##
## Core tests. ##
## ----------- ##

configure:2047: loading site script /opt/opmt/include/site/mipsel
| #!/bin/sh
| . $TOPDIR/include/site/linux
| ac_cv_c_littleendian=${ac_cv_c_littleendian=yes}
| ac_cv_c_bigendian=${ac_cv_c_bigendian=no}
| 
| ac_cv_sizeof___int64=0
| ac_cv_sizeof_char=1
| ac_cv_sizeof_int=4
| ac_cv_sizeof_int16_t=2
| ac_cv_sizeof_int32_t=4
| ac_cv_sizeof_int64_t=8
| ac_cv_sizeof_long_int=4
| ac_cv_sizeof_long_long=8
| ac_cv_sizeof_long=4
| ac_cv_sizeof_off_t=8
| ac_cv_sizeof_short_int=2
| ac_cv_sizeof_short=2
| ac_cv_sizeof_size_t=4
| ac_cv_sizeof_ssize_t=4
| ac_cv_sizeof_u_int16_t=2
| ac_cv_sizeof_u_int32_t=4
| ac_cv_sizeof_u_int64_t=8
| ac_cv_sizeof_uint16_t=2
| ac_cv_sizeof_uint32_t=4
| ac_cv_sizeof_uint64_t=8
| ac_cv_sizeof_unsigned_int=4
| ac_cv_sizeof_unsigned_long=4
| ac_cv_sizeof_unsigned_long_long=8
| ac_cv_sizeof_unsigned_short=2
| ac_cv_sizeof_void_p=4
configure:2172: checking whether make sets $(MAKE)
configure:2194: result: yes
configure:2215: checking for mipsel-openwrt-linux-gcc
configure:2231: found /opt/opmt/staging_dir/toolchain-mipsel_1004kc+dsp_gcc-4.8-linaro_musl-1.1.10/bin/mipsel-openwrt-linux-gcc
configure:2242: result: mipsel-openwrt-linux-gcc
configure:2511: checking for C compiler version
configure:2520: mipsel-openwrt-linux-gcc --version >&5
mipsel-openwrt-linux-gcc (OpenWrt/Linaro GCC 4.8-2014.04 r46519) 4.8.3
Copyright (C) 2013 Free Software Foundation, Inc.
This is free software; see the source for copying conditions.  There is NO
warranty; not even for MERCHANTABILITY or FITNESS FOR A PARTICULAR PURPOSE.

configure:2531: $? = 0
configure:2520: mipsel-openwrt-linux-gcc -v >&5
Reading specs from /opt/opmt/staging_dir/toolchain-mipsel_1004kc+dsp_gcc-4.8-linaro_musl-1.1.10/lib/gcc/mipsel-openwrt-linux-musl/4.8.3/specs
COLLECT_GCC=mipsel-openwrt-linux-gcc
COLLECT_LTO_WRAPPER=/opt/opmt/staging_dir/toolchain-mipsel_1004kc+dsp_gcc-4.8-linaro_musl-1.1.10/libexec/gcc/mipsel-openwrt-linux-musl/4.8.3/lto-wrapper
Target: mipsel-openwrt-linux-musl
Configured with: /opt/opmt/build_dir/toolchain-mipsel_1004kc+dsp_gcc-4.8-linaro_musl-1.1.10/gcc-linaro-4.8-2014.04/configure --with-bugurl=https://dev.openwrt.org/ --with-pkgversion='OpenWrt/Linaro GCC 4.8-2014.04 r46519' --prefix=/opt/opmt/staging_dir/toolchain-mipsel_1004kc+dsp_gcc-4.8-linaro_musl-1.1.10 --build=x86_64-linux-gnu --host=x86_64-linux-gnu --target=mipsel-openwrt-linux-musl --with-gnu-ld --enable-target-optspace --disable-libgomp --disable-libmudflap --disable-multilib --disable-nls --with-host-libstdcxx=-lstdc++ --with-float=soft --with-gmp=/opt/opmt/staging_dir/host --with-mpfr=/opt/opmt/staging_dir/host --with-mpc=/opt/opmt/staging_dir/host --disable-decimal-float --with-mips-plt --disable-libssp --enable-__cxa_atexit --with-headers=/opt/opmt/staging_dir/toolchain-mipsel_1004kc+dsp_gcc-4.8-linaro_musl-1.1.10/include --disable-libsanitizer --enable-languages=c,c++ --enable-shared --enable-threads --with-slibdir=/opt/opmt/staging_dir/toolchain-mipsel_1004kc+dsp_gcc-4.8-linaro_musl-1.1.10/lib
Thread model: posix
gcc version 4.8.3 (OpenWrt/Linaro GCC 4.8-2014.04 r46519) 
configure:2531: $? = 0
configure:2520: mipsel-openwrt-linux-gcc -V >&5
mipsel-openwrt-linux-gcc: error: unrecognized command line option '-V'
mipsel-openwrt-linux-gcc: fatal error: no input files
compilation terminated.
configure:2531: $? = 1
configure:2520: mipsel-openwrt-linux-gcc -qversion >&5
mipsel-openwrt-linux-gcc: error: unrecognized command line option '-qversion'
mipsel-openwrt-linux-gcc: fatal error: no input files
compilation terminated.
configure:2531: $? = 1
configure:2551: checking whether the C compiler works
configure:2573: mipsel-openwrt-linux-gcc    conftest.c  >&5
cc1: note: someone does not honour COPTS correctly, passed 0 times
configure:2577: $? = 0
configure:2625: result: yes
configure:2628: checking for C compiler default output file name
configure:2630: result: a.out
configure:2636: checking for suffix of executables
configure:2643: mipsel-openwrt-linux-gcc -o conftest    conftest.c  >&5
cc1: note: someone does not honour COPTS correctly, passed 0 times
configure:2647: $? = 0
configure:2669: result: 
configure:2691: checking whether we are cross compiling
configure:2699: mipsel-openwrt-linux-gcc -o conftest    conftest.c  >&5
cc1: note: someone does not honour COPTS correctly, passed 0 times
configure:2703: $? = 0
configure:2710: ./conftest
./configure: line 2712: ./conftest: cannot execute binary file: Exec format error
configure:2714: $? = 126
configure:2729: result: yes
configure:2734: checking for suffix of object files
configure:2756: mipsel-openwrt-linux-gcc -c   conftest.c >&5
cc1: note: someone does not honour COPTS correctly, passed 0 times
configure:2760: $? = 0
configure:2781: result: o
configure:2785: checking whether we are using the GNU C compiler
configure:2804: mipsel-openwrt-linux-gcc -c   conftest.c >&5
cc1: note: someone does not honour COPTS correctly, passed 0 times
configure:2804: $? = 0
configure:2813: result: yes
configure:2822: checking whether mipsel-openwrt-linux-gcc accepts -g
configure:2842: mipsel-openwrt-linux-gcc -c -g  conftest.c >&5
cc1: note: someone does not honour COPTS correctly, passed 0 times
configure:2842: $? = 0
configure: failed program was:
| /* confdefs.h */
| #define PACKAGE_NAME ""
| #define PACKAGE_TARNAME ""
| #define PACKAGE_VERSION ""
| #define PACKAGE_STRING ""
| #define PACKAGE_BUGREPORT ""
| #define PACKAGE_URL ""
| /* end confdefs.h.  */
| 
| int
| main ()
| {
| 
|   ;
|   return 0;
| }
configure:2857: mipsel-openwrt-linux-gcc -c   conftest.c >&5
cc1: note: someone does not honour COPTS correctly, passed 0 times
configure:2857: $? = 0
configure: failed program was:
| /* confdefs.h */
| #define PACKAGE_NAME ""
| #define PACKAGE_TARNAME ""
| #define PACKAGE_VERSION ""
| #define PACKAGE_STRING ""
| #define PACKAGE_BUGREPORT ""
| #define PACKAGE_URL ""
| /* end confdefs.h.  */
| 
| int
| main ()
| {
| 
|   ;
|   return 0;
| }
configure:2873: mipsel-openwrt-linux-gcc -c -g  conftest.c >&5
cc1: note: someone does not honour COPTS correctly, passed 0 times
configure:2873: $? = 0
configure:2883: result: yes
configure:2900: checking for mipsel-openwrt-linux-gcc option to accept ISO C89
configure:2964: mipsel-openwrt-linux-gcc  -c   conftest.c >&5
cc1: note: someone does not honour COPTS correctly, passed 0 times
configure:2964: $? = 0
configure:2977: result: none needed
configure:3002: checking how to run the C preprocessor
configure:3033: mipsel-openwrt-linux-gcc -E  conftest.c
configure:3033: $? = 0
configure:3047: mipsel-openwrt-linux-gcc -E  conftest.c
conftest.c:9:28: fatal error: ac_nonexistent.h: No such file or directory
 #include <ac_nonexistent.h>
                            ^
compilation terminated.
configure:3047: $? = 1
configure: failed program was:
| /* confdefs.h */
| #define PACKAGE_NAME ""
| #define PACKAGE_TARNAME ""
| #define PACKAGE_VERSION ""
| #define PACKAGE_STRING ""
| #define PACKAGE_BUGREPORT ""
| #define PACKAGE_URL ""
| /* end confdefs.h.  */
| #include <ac_nonexistent.h>
configure:3072: result: mipsel-openwrt-linux-gcc -E
configure:3092: mipsel-openwrt-linux-gcc -E  conftest.c
configure:3092: $? = 0
configure:3106: mipsel-openwrt-linux-gcc -E  conftest.c
conftest.c:9:28: fatal error: ac_nonexistent.h: No such file or directory
 #include <ac_nonexistent.h>
                            ^
compilation terminated.
configure:3106: $? = 1
configure: failed program was:
| /* confdefs.h */
| #define PACKAGE_NAME ""
| #define PACKAGE_TARNAME ""
| #define PACKAGE_VERSION ""
| #define PACKAGE_STRING ""
| #define PACKAGE_BUGREPORT ""
| #define PACKAGE_URL ""
| /* end confdefs.h.  */
| #include <ac_nonexistent.h>
configure:3148: checking for a BSD-compatible install
configure:3216: result: /usr/bin/install -c
configure:3233: checking build system type
configure:3247: result: x86_64-unknown-linux-gnu
configure:3267: checking host system type
configure:3280: result: mipsel-openwrt-linux-gnu
configure:3303: checking whether to activate relocatable installation
configure:3318: result: no
configure:3352: checking whether ln -s works
configure:3356: result: yes
configure:3367: checking for grep that handles long lines and -e
configure:3425: result: /opt/opmt/staging_dir/host/bin/grep
configure:3430: checking for egrep
configure:3492: result: /opt/opmt/staging_dir/host/bin/grep -E
configure:3497: checking for ANSI C header files
configure:3517: mipsel-openwrt-linux-gcc -c   conftest.c >&5
cc1: note: someone does not honour COPTS correctly, passed 0 times
configure:3517: $? = 0
configure:3601: result: yes
configure:3614: checking for sys/types.h
configure:3614: mipsel-openwrt-linux-gcc -c   conftest.c >&5
cc1: note: someone does not honour COPTS correctly, passed 0 times
configure:3614: $? = 0
configure:3614: result: yes
configure:3614: checking for sys/stat.h
configure:3614: mipsel-openwrt-linux-gcc -c   conftest.c >&5
cc1: note: someone does not honour COPTS correctly, passed 0 times
configure:3614: $? = 0
configure:3614: result: yes
configure:3614: checking for stdlib.h
configure:3614: mipsel-openwrt-linux-gcc -c   conftest.c >&5
cc1: note: someone does not honour COPTS correctly, passed 0 times
configure:3614: $? = 0
configure:3614: result: yes
configure:3614: checking for string.h
configure:3614: mipsel-openwrt-linux-gcc -c   conftest.c >&5
cc1: note: someone does not honour COPTS correctly, passed 0 times
configure:3614: $? = 0
configure:3614: result: yes
configure:3614: checking for memory.h
configure:3614: mipsel-openwrt-linux-gcc -c   conftest.c >&5
cc1: note: someone does not honour COPTS correctly, passed 0 times
configure:3614: $? = 0
configure:3614: result: yes
configure:3614: checking for strings.h
configure:3614: mipsel-openwrt-linux-gcc -c   conftest.c >&5
cc1: note: someone does not honour COPTS correctly, passed 0 times
configure:3614: $? = 0
configure:3614: result: yes
configure:3614: checking for inttypes.h
configure:3614: mipsel-openwrt-linux-gcc -c   conftest.c >&5
cc1: note: someone does not honour COPTS correctly, passed 0 times
configure:3614: $? = 0
configure:3614: result: yes
configure:3614: checking for stdint.h
configure:3614: mipsel-openwrt-linux-gcc -c   conftest.c >&5
cc1: note: someone does not honour COPTS correctly, passed 0 times
configure:3614: $? = 0
configure:3614: result: yes
configure:3614: checking for unistd.h
configure:3614: mipsel-openwrt-linux-gcc -c   conftest.c >&5
cc1: note: someone does not honour COPTS correctly, passed 0 times
configure:3614: $? = 0
configure:3614: result: yes
configure:3629: checking minix/config.h usability
configure:3629: mipsel-openwrt-linux-gcc -c   conftest.c >&5
cc1: note: someone does not honour COPTS correctly, passed 0 times
conftest.c:53:26: fatal error: minix/config.h: No such file or directory
 #include <minix/config.h>
                          ^
compilation terminated.
configure:3629: $? = 1
configure: failed program was:
| /* confdefs.h */
| #define PACKAGE_NAME ""
| #define PACKAGE_TARNAME ""
| #define PACKAGE_VERSION ""
| #define PACKAGE_STRING ""
| #define PACKAGE_BUGREPORT ""
| #define PACKAGE_URL ""
| #define INSTALLPREFIX "/usr/local"
| #define STDC_HEADERS 1
| #define HAVE_SYS_TYPES_H 1
| #define HAVE_SYS_STAT_H 1
| #define HAVE_STDLIB_H 1
| #define HAVE_STRING_H 1
| #define HAVE_MEMORY_H 1
| #define HAVE_STRINGS_H 1
| #define HAVE_INTTYPES_H 1
| #define HAVE_STDINT_H 1
| #define HAVE_UNISTD_H 1
| /* end confdefs.h.  */
| #include <stdio.h>
| #ifdef HAVE_SYS_TYPES_H
| # include <sys/types.h>
| #endif
| #ifdef HAVE_SYS_STAT_H
| # include <sys/stat.h>
| #endif
| #ifdef STDC_HEADERS
| # include <stdlib.h>
| # include <stddef.h>
| #else
| # ifdef HAVE_STDLIB_H
| #  include <stdlib.h>
| # endif
| #endif
| #ifdef HAVE_STRING_H
| # if !defined STDC_HEADERS && defined HAVE_MEMORY_H
| #  include <memory.h>
| # endif
| # include <string.h>
| #endif
| #ifdef HAVE_STRINGS_H
| # include <strings.h>
| #endif
| #ifdef HAVE_INTTYPES_H
| # include <inttypes.h>
| #endif
| #ifdef HAVE_STDINT_H
| # include <stdint.h>
| #endif
| #ifdef HAVE_UNISTD_H
| # include <unistd.h>
| #endif
| #include <minix/config.h>
configure:3629: result: no
configure:3629: checking minix/config.h presence
configure:3629: mipsel-openwrt-linux-gcc -E  conftest.c
conftest.c:20:26: fatal error: minix/config.h: No such file or directory
 #include <minix/config.h>
                          ^
compilation terminated.
configure:3629: $? = 1
configure: failed program was:
| /* confdefs.h */
| #define PACKAGE_NAME ""
| #define PACKAGE_TARNAME ""
| #define PACKAGE_VERSION ""
| #define PACKAGE_STRING ""
| #define PACKAGE_BUGREPORT ""
| #define PACKAGE_URL ""
| #define INSTALLPREFIX "/usr/local"
| #define STDC_HEADERS 1
| #define HAVE_SYS_TYPES_H 1
| #define HAVE_SYS_STAT_H 1
| #define HAVE_STDLIB_H 1
| #define HAVE_STRING_H 1
| #define HAVE_MEMORY_H 1
| #define HAVE_STRINGS_H 1
| #define HAVE_INTTYPES_H 1
| #define HAVE_STDINT_H 1
| #define HAVE_UNISTD_H 1
| /* end confdefs.h.  */
| #include <minix/config.h>
configure:3629: result: no
configure:3629: checking for minix/config.h
configure:3629: result: no
configure:3658: checking whether it is safe to define __EXTENSIONS__
configure:3676: mipsel-openwrt-linux-gcc -c   conftest.c >&5
cc1: note: someone does not honour COPTS correctly, passed 0 times
configure:3676: $? = 0
configure:3683: result: yes
configure:3751: checking how to print strings
configure:3778: result: printf
configure:3799: checking for a sed that does not truncate output
configure:3863: result: /opt/opmt/staging_dir/host/bin/sed
configure:3881: checking for fgrep
configure:3943: result: /opt/opmt/staging_dir/host/bin/grep -F
configure:3978: checking for ld used by mipsel-openwrt-linux-gcc
configure:4045: result: /opt/opmt/staging_dir/toolchain-mipsel_1004kc+dsp_gcc-4.8-linaro_musl-1.1.10/mipsel-openwrt-linux-musl/bin/ld
configure:4052: checking if the linker (/opt/opmt/staging_dir/toolchain-mipsel_1004kc+dsp_gcc-4.8-linaro_musl-1.1.10/mipsel-openwrt-linux-musl/bin/ld) is GNU ld
configure:4067: result: yes
configure:4079: checking for BSD- or MS-compatible name lister (nm)
configure:4128: result: /opt/opmt/staging_dir/toolchain-mipsel_1004kc+dsp_gcc-4.8-linaro_musl-1.1.10/bin/mipsel-openwrt-linux-nm -B
configure:4258: checking the name lister (/opt/opmt/staging_dir/toolchain-mipsel_1004kc+dsp_gcc-4.8-linaro_musl-1.1.10/bin/mipsel-openwrt-linux-nm -B) interface
configure:4265: mipsel-openwrt-linux-gcc -c   conftest.c >&5
cc1: note: someone does not honour COPTS correctly, passed 0 times
configure:4268: /opt/opmt/staging_dir/toolchain-mipsel_1004kc+dsp_gcc-4.8-linaro_musl-1.1.10/bin/mipsel-openwrt-linux-nm -B "conftest.o"
configure:4271: output
00000000 B some_variable
configure:4278: result: BSD nm
configure:4282: checking the maximum length of command line arguments
configure:4407: result: 3458764513820540925
configure:4424: checking whether the shell understands some XSI constructs
configure:4434: result: yes
configure:4438: checking whether the shell understands "+="
configure:4444: result: yes
configure:4479: checking how to convert x86_64-unknown-linux-gnu file names to mipsel-openwrt-linux-gnu format
configure:4519: result: func_convert_file_noop
configure:4526: checking how to convert x86_64-unknown-linux-gnu file names to toolchain format
configure:4546: result: func_convert_file_noop
configure:4553: checking for /opt/opmt/staging_dir/toolchain-mipsel_1004kc+dsp_gcc-4.8-linaro_musl-1.1.10/mipsel-openwrt-linux-musl/bin/ld option to reload object files
configure:4560: result: -r
configure:4594: checking for mipsel-openwrt-linux-objdump
configure:4610: found /opt/opmt/staging_dir/toolchain-mipsel_1004kc+dsp_gcc-4.8-linaro_musl-1.1.10/bin/mipsel-openwrt-linux-objdump
configure:4621: result: mipsel-openwrt-linux-objdump
configure:4690: checking how to recognize dependent libraries
configure:4892: result: pass_all
configure:4937: checking for mipsel-openwrt-linux-dlltool
configure:4967: result: no
configure:4977: checking for dlltool
configure:5007: result: no
configure:5034: checking how to associate runtime and link libraries
configure:5061: result: printf %s\n
configure:5077: checking for mipsel-openwrt-linux-ar
configure:5093: found /opt/opmt/staging_dir/toolchain-mipsel_1004kc+dsp_gcc-4.8-linaro_musl-1.1.10/bin/mipsel-openwrt-linux-ar
configure:5104: result: mipsel-openwrt-linux-ar
configure:5185: checking for archiver @FILE support
configure:5202: mipsel-openwrt-linux-gcc -c   conftest.c >&5
cc1: note: someone does not honour COPTS correctly, passed 0 times
configure:5202: $? = 0
configure:5205: mipsel-openwrt-linux-ar cru libconftest.a @conftest.lst >&5
mipsel-openwrt-linux-ar: `u' modifier ignored since `D' is the default (see `U')
configure:5208: $? = 0
configure:5213: mipsel-openwrt-linux-ar cru libconftest.a @conftest.lst >&5
mipsel-openwrt-linux-ar: `u' modifier ignored since `D' is the default (see `U')
mipsel-openwrt-linux-ar: conftest.o: No such file or directory
configure:5216: $? = 1
configure:5228: result: @
configure:5246: checking for mipsel-openwrt-linux-strip
configure:5262: found /opt/opmt/staging_dir/toolchain-mipsel_1004kc+dsp_gcc-4.8-linaro_musl-1.1.10/bin/mipsel-openwrt-linux-strip
configure:5273: result: mipsel-openwrt-linux-strip
configure:5345: checking for mipsel-openwrt-linux-ranlib
configure:5361: found /opt/opmt/staging_dir/toolchain-mipsel_1004kc+dsp_gcc-4.8-linaro_musl-1.1.10/bin/mipsel-openwrt-linux-ranlib
configure:5372: result: mipsel-openwrt-linux-ranlib
configure:5489: checking for gawk
configure:5505: found /usr/bin/gawk
configure:5516: result: gawk
configure:5556: checking command to parse /opt/opmt/staging_dir/toolchain-mipsel_1004kc+dsp_gcc-4.8-linaro_musl-1.1.10/bin/mipsel-openwrt-linux-nm -B output from mipsel-openwrt-linux-gcc object
configure:5675: mipsel-openwrt-linux-gcc -c   conftest.c >&5
cc1: note: someone does not honour COPTS correctly, passed 0 times
configure:5678: $? = 0
configure:5682: /opt/opmt/staging_dir/toolchain-mipsel_1004kc+dsp_gcc-4.8-linaro_musl-1.1.10/bin/mipsel-openwrt-linux-nm -B conftest.o \| sed -n -e 's/^.*[ ]\([ABCDGIRSTW][ABCDGIRSTW]*\)[ ][ ]*\([_A-Za-z][_A-Za-z0-9]*\)$/\1 \2 \2/p' | sed '/ __gnu_lto/d' \> conftest.nm
configure:5685: $? = 0
configure:5751: mipsel-openwrt-linux-gcc -o conftest    conftest.c conftstm.o >&5
cc1: note: someone does not honour COPTS correctly, passed 0 times
configure:5754: $? = 0
configure:5792: result: ok
configure:5829: checking for sysroot
configure:5859: result: no
configure:6062: checking for mipsel-openwrt-linux-mt
configure:6092: result: no
configure:6102: checking for mt
configure:6118: found /bin/mt
configure:6129: result: mt
configure:6141: WARNING: using cross tools not prefixed with host triplet
configure:6152: checking if mt is a manifest tool
configure:6158: mt '-?'
configure:6166: result: no
configure:6795: checking for dlfcn.h
configure:6795: mipsel-openwrt-linux-gcc -c   conftest.c >&5
cc1: note: someone does not honour COPTS correctly, passed 0 times
configure:6795: $? = 0
configure:6795: result: yes
configure:7280: checking for objdir
configure:7295: result: .libs
configure:7566: checking if mipsel-openwrt-linux-gcc supports -fno-rtti -fno-exceptions
configure:7584: mipsel-openwrt-linux-gcc -c   -fno-rtti -fno-exceptions conftest.c >&5
cc1: warning: command line option '-fno-rtti' is valid for C++/ObjC++ but not for C [enabled by default]
cc1: note: someone does not honour COPTS correctly, passed 0 times
configure:7588: $? = 0
configure:7601: result: no
configure:7911: checking for mipsel-openwrt-linux-gcc option to produce PIC
configure:7918: result: -fPIC -DPIC
configure:7926: checking if mipsel-openwrt-linux-gcc PIC flag -fPIC -DPIC works
configure:7944: mipsel-openwrt-linux-gcc -c   -fPIC -DPIC -DPIC conftest.c >&5
cc1: note: someone does not honour COPTS correctly, passed 0 times
configure:7948: $? = 0
configure:7961: result: yes
configure:7990: checking if mipsel-openwrt-linux-gcc static flag -static works
cc1: note: someone does not honour COPTS correctly, passed 0 times
configure:8018: result: yes
configure:8033: checking if mipsel-openwrt-linux-gcc supports -c -o file.o
configure:8054: mipsel-openwrt-linux-gcc -c   -o out/conftest2.o conftest.c >&5
cc1: note: someone does not honour COPTS correctly, passed 0 times
configure:8058: $? = 0
configure:8080: result: yes
configure:8088: checking if mipsel-openwrt-linux-gcc supports -c -o file.o
configure:8135: result: yes
configure:8168: checking whether the mipsel-openwrt-linux-gcc linker (/opt/opmt/staging_dir/toolchain-mipsel_1004kc+dsp_gcc-4.8-linaro_musl-1.1.10/mipsel-openwrt-linux-musl/bin/ld) supports shared libraries
configure:9326: result: yes
configure:9363: checking whether -lc should be explicitly linked in
configure:9371: mipsel-openwrt-linux-gcc -c   conftest.c >&5
cc1: note: someone does not honour COPTS correctly, passed 0 times
configure:9374: $? = 0
configure:9389: mipsel-openwrt-linux-gcc -shared  -fPIC -DPIC conftest.o  -v -Wl,-soname -Wl,conftest -o conftest 2\>\&1 \| /opt/opmt/staging_dir/host/bin/grep  -lc  \>/dev/null 2\>\&1
configure:9392: $? = 0
configure:9406: result: no
configure:9571: checking dynamic linker characteristics
configure:10085: mipsel-openwrt-linux-gcc -o conftest    -Wl,-rpath -Wl,/foo conftest.c  >&5
cc1: note: someone does not honour COPTS correctly, passed 0 times
configure:10085: $? = 0
configure:10307: result: GNU/Linux ld.so
configure:10414: checking how to hardcode library paths into programs
configure:10439: result: immediate
configure:10979: checking whether stripping libraries is possible
configure:10984: result: yes
configure:11019: checking if libtool supports shared libraries
configure:11021: result: yes
configure:11024: checking whether to build shared libraries
configure:11045: result: yes
configure:11048: checking whether to build static libraries
configure:11052: result: no
configure:11092: checking whether the -Werror option is usable
configure:11111: mipsel-openwrt-linux-gcc -c  -Werror  conftest.c >&5
cc1: note: someone does not honour COPTS correctly, passed 0 times
configure:11111: $? = 0
configure:11120: result: yes
configure:11122: checking for simple visibility declarations
configure:11149: mipsel-openwrt-linux-gcc -c  -fvisibility=hidden -Werror  conftest.c >&5
cc1: note: someone does not honour COPTS correctly, passed 0 times
configure:11149: $? = 0
configure:11158: result: yes
configure:11335: creating ./config.status

## ---------------------- ##
## Running config.status. ##
## ---------------------- ##

This file was extended by config.status, which was
generated by GNU Autoconf 2.68.  Invocation command line was

  CONFIG_FILES    = 
  CONFIG_HEADERS  = 
  CONFIG_LINKS    = 
  CONFIG_COMMANDS = 
  $ ./config.status 

on cloudserver

config.status:987: creating Makefile
config.status:1153: executing libtool commands

## ---------------- ##
## Cache variables. ##
## ---------------- ##

ac_cv_build=x86_64-unknown-linux-gnu
ac_cv_c_bigendian=no
ac_cv_c_compiler_gnu=yes
ac_cv_c_gettext_without_libintl=yes
ac_cv_c_littleendian=yes
ac_cv_c_long_double=no
ac_cv_conv_longlong_to_float=yes
ac_cv_env_CC_set=
ac_cv_env_CC_value=
ac_cv_env_CFLAGS_set=set
ac_cv_env_CFLAGS_value=
ac_cv_env_CPPFLAGS_set=
ac_cv_env_CPPFLAGS_value=
ac_cv_env_CPP_set=
ac_cv_env_CPP_value=
ac_cv_env_LDFLAGS_set=
ac_cv_env_LDFLAGS_value=
ac_cv_env_LIBS_set=
ac_cv_env_LIBS_value=
ac_cv_env_build_alias_set=
ac_cv_env_build_alias_value=
ac_cv_env_host_alias_set=set
ac_cv_env_host_alias_value=mipsel-openwrt-linux
ac_cv_env_target_alias_set=
ac_cv_env_target_alias_value=
ac_cv_file__dev_zero=yes
ac_cv_func___adjtimex=yes
ac_cv_func___va_copy=no
ac_cv_func__exit=yes
ac_cv_func_bcmp=yes
ac_cv_func_bcopy=yes
ac_cv_func_bzero=yes
ac_cv_func_cimag=yes
ac_cv_func_creal=yes
ac_cv_func_fchmod=yes
ac_cv_func_getaddrinfo=yes
ac_cv_func_getcwd=yes
ac_cv_func_getdomainname=yes
ac_cv_func_getpgrp_void=yes
ac_cv_func_getpwuid_r=yes
ac_cv_func_gettimeofday=yes
ac_cv_func_index=yes
ac_cv_func_lstat=yes
ac_cv_func_lstat_dereferences_slashed_symlink=yes
ac_cv_func_lstat_empty_string_bug=no
ac_cv_func_malloc_0_nonnull=yes
ac_cv_func_malloc_works=yes
ac_cv_func_memcmp_clean=yes
ac_cv_func_memcmp_working=yes
ac_cv_func_posix_getgrgid_r=yes
ac_cv_func_posix_getpwuid_r=yes
ac_cv_func_psignal=yes
ac_cv_func_pthread_key_delete=yes
ac_cv_func_realloc_0_nonnull=yes
ac_cv_func_realloc_works=yes
ac_cv_func_rename=yes
ac_cv_func_rindex=yes
ac_cv_func_setgrent_void=yes
ac_cv_func_setlocale=yes
ac_cv_func_setpgrp_void=yes
ac_cv_func_setresuid=no
ac_cv_func_setvbuf_reversed=no
ac_cv_func_stat_empty_string_bug=no
ac_cv_func_stat_ignores_trailing_slash=no
ac_cv_func_strerror=yes
ac_cv_func_strftime=yes
ac_cv_func_utimes=yes
ac_cv_func_va_copy=no
ac_cv_func_vsnprintf=yes
ac_cv_have_accrights_in_msghdr=no
ac_cv_have_broken_snprintf=no
ac_cv_have_control_in_msghdr=yes
ac_cv_have_decl_sys_siglist=no
ac_cv_have_openpty_ctty_bug=yes
ac_cv_have_space_d_name_in_struct_dirent=yes
ac_cv_header_dlfcn_h=yes
ac_cv_header_inttypes_h=yes
ac_cv_header_memory_h=yes
ac_cv_header_minix_config_h=no
ac_cv_header_netinet_sctp_h=no
ac_cv_header_netinet_sctp_uio_h=no
ac_cv_header_stdc=yes
ac_cv_header_stdint_h=yes
ac_cv_header_stdlib_h=yes
ac_cv_header_string_h=yes
ac_cv_header_strings_h=yes
ac_cv_header_sys_stat_h=yes
ac_cv_header_sys_types_h=yes
ac_cv_header_unistd_h=yes
ac_cv_host=mipsel-openwrt-linux-gnu
ac_cv_int64_t=yes
ac_cv_lbl_unaligned_fail=no
ac_cv_linux_kernel_pppoe=yes
ac_cv_linux_vers=2
ac_cv_objext=o
ac_cv_pack_bitfields_reversed=yes
ac_cv_path_EGREP='/opt/opmt/staging_dir/host/bin/grep -E'
ac_cv_path_FGREP='/opt/opmt/staging_dir/host/bin/grep -F'
ac_cv_path_GREP=/opt/opmt/staging_dir/host/bin/grep
ac_cv_path_LDCONFIG=
ac_cv_path_SED=/opt/opmt/staging_dir/host/bin/sed
ac_cv_path_install='/usr/bin/install -c'
ac_cv_prog_AR=mipsel-openwrt-linux-ar
ac_cv_prog_AWK=gawk
ac_cv_prog_CC=mipsel-openwrt-linux-gcc
ac_cv_prog_CPP='mipsel-openwrt-linux-gcc -E'
ac_cv_prog_OBJDUMP=mipsel-openwrt-linux-objdump
ac_cv_prog_RANLIB=mipsel-openwrt-linux-ranlib
ac_cv_prog_STRIP=mipsel-openwrt-linux-strip
ac_cv_prog_ac_ct_MANIFEST_TOOL=mt
ac_cv_prog_cc_c89=
ac_cv_prog_cc_g=yes
ac_cv_prog_make_make_set=yes
ac_cv_regexec_segfault_emptystr=no
ac_cv_safe_to_define___extensions__=yes
ac_cv_sctp=no
ac_cv_sizeof___int64=0
ac_cv_sizeof_char=1
ac_cv_sizeof_int16_t=2
ac_cv_sizeof_int32_t=4
ac_cv_sizeof_int64_t=8
ac_cv_sizeof_int=4
ac_cv_sizeof_long=4
ac_cv_sizeof_long_int=4
ac_cv_sizeof_long_long=8
ac_cv_sizeof_off_t=8
ac_cv_sizeof_short=2
ac_cv_sizeof_short_int=2
ac_cv_sizeof_size_t=4
ac_cv_sizeof_ssize_t=4
ac_cv_sizeof_u_int16_t=2
ac_cv_sizeof_u_int32_t=4
ac_cv_sizeof_u_int64_t=8
ac_cv_sizeof_uint16_t=2
ac_cv_sizeof_uint32_t=4
ac_cv_sizeof_uint64_t=8
ac_cv_sizeof_unsigned_int=4
ac_cv_sizeof_unsigned_long=4
ac_cv_sizeof_unsigned_long_long=8
ac_cv_sizeof_unsigned_short=2
ac_cv_sizeof_void_p=4
ac_cv_sys_restartable_syscalls=yes
ac_cv_time_r_type=POSIX
ac_cv_type_suseconds_t=yes
ac_cv_uchar=no
ac_cv_uint64_t=yes
ac_cv_uint=yes
ac_cv_ulong=yes
ac_cv_ushort=yes
ac_cv_va_copy=C99
ac_cv_va_val_copy=yes
as_cv_unaligned_access=yes
gl_cv_cc_vis_werror=yes
gl_cv_cc_visibility=yes
lt_cv_ar_at_file=@
lt_cv_archive_cmds_need_lc=no
lt_cv_deplibs_check_method=pass_all
lt_cv_file_magic_cmd='$MAGIC_CMD'
lt_cv_file_magic_test_file=
lt_cv_ld_reload_flag=-r
lt_cv_nm_interface='BSD nm'
lt_cv_objdir=.libs
lt_cv_path_LD=/opt/opmt/staging_dir/toolchain-mipsel_1004kc+dsp_gcc-4.8-linaro_musl-1.1.10/mipsel-openwrt-linux-musl/bin/ld
lt_cv_path_NM='/opt/opmt/staging_dir/toolchain-mipsel_1004kc+dsp_gcc-4.8-linaro_musl-1.1.10/bin/mipsel-openwrt-linux-nm -B'
lt_cv_path_mainfest_tool=no
lt_cv_prog_compiler_c_o=yes
lt_cv_prog_compiler_pic='-fPIC -DPIC'
lt_cv_prog_compiler_pic_works=yes
lt_cv_prog_compiler_rtti_exceptions=no
lt_cv_prog_compiler_static_works=yes
lt_cv_prog_gnu_ld=yes
lt_cv_sharedlib_from_linklib_cmd='printf %s\n'
lt_cv_shlibpath_overrides_runpath=no
lt_cv_sys_global_symbol_pipe='sed -n -e '\''s/^.*[	 ]\([ABCDGIRSTW][ABCDGIRSTW]*\)[	 ][	 ]*\([_A-Za-z][_A-Za-z0-9]*\)$/\1 \2 \2/p'\'' | sed '\''/ __gnu_lto/d'\'''
lt_cv_sys_global_symbol_to_c_name_address='sed -n -e '\''s/^: \([^ ]*\)[ ]*$/  {\"\1\", (void *) 0},/p'\'' -e '\''s/^[ABCDGIRSTW]* \([^ ]*\) \([^ ]*\)$/  {"\2", (void *) \&\2},/p'\'''
lt_cv_sys_global_symbol_to_c_name_address_lib_prefix='sed -n -e '\''s/^: \([^ ]*\)[ ]*$/  {\"\1\", (void *) 0},/p'\'' -e '\''s/^[ABCDGIRSTW]* \([^ ]*\) \(lib[^ ]*\)$/  {"\2", (void *) \&\2},/p'\'' -e '\''s/^[ABCDGIRSTW]* \([^ ]*\) \([^ ]*\)$/  {"lib\2", (void *) \&\2},/p'\'''
lt_cv_sys_global_symbol_to_cdecl='sed -n -e '\''s/^T .* \(.*\)$/extern int \1();/p'\'' -e '\''s/^[ABCDGIRSTW]* .* \(.*\)$/extern char \1;/p'\'''
lt_cv_sys_max_cmd_len=3458764513820540925
lt_cv_to_host_file_cmd=func_convert_file_noop
lt_cv_to_tool_file_cmd=func_convert_file_noop

## ----------------- ##
## Output variables. ##
## ----------------- ##

AR='mipsel-openwrt-linux-ar'
AS='as'
AWK='gawk'
CC='mipsel-openwrt-linux-gcc'
CFLAGS=''
CFLAG_VISIBILITY='-fvisibility=hidden'
CPP='mipsel-openwrt-linux-gcc -E'
CPPFLAGS=''
DEFS='-DPACKAGE_NAME=\"\" -DPACKAGE_TARNAME=\"\" -DPACKAGE_VERSION=\"\" -DPACKAGE_STRING=\"\" -DPACKAGE_BUGREPORT=\"\" -DPACKAGE_URL=\"\" -DINSTALLPREFIX=\"/usr/local\" -DSTDC_HEADERS=1 -DHAVE_SYS_TYPES_H=1 -DHAVE_SYS_STAT_H=1 -DHAVE_STDLIB_H=1 -DHAVE_STRING_H=1 -DHAVE_MEMORY_H=1 -DHAVE_STRINGS_H=1 -DHAVE_INTTYPES_H=1 -DHAVE_STDINT_H=1 -DHAVE_UNISTD_H=1 -D__EXTENSIONS__=1 -D_ALL_SOURCE=1 -D_GNU_SOURCE=1 -D_POSIX_PTHREAD_SEMANTICS=1 -D_TANDEM_SOURCE=1 -DHAVE_DLFCN_H=1 -DLT_OBJDIR=\".libs/\" -DHAVE_VISIBILITY=1'
DLLTOOL='false'
DSYMUTIL=''
DUMPBIN=''
ECHO_C=''
ECHO_N='-n'
ECHO_T=''
EGREP='/opt/opmt/staging_dir/host/bin/grep -E'
EXEEXT=''
FGREP='/opt/opmt/staging_dir/host/bin/grep -F'
GREP='/opt/opmt/staging_dir/host/bin/grep'
HAVE_VISIBILITY='1'
INSTALL_DATA='${INSTALL} -m 644'
INSTALL_PROGRAM='${INSTALL}'
INSTALL_SCRIPT='${INSTALL}'
LD='/opt/opmt/staging_dir/toolchain-mipsel_1004kc+dsp_gcc-4.8-linaro_musl-1.1.10/mipsel-openwrt-linux-musl/bin/ld'
LDFLAGS=''
LIBOBJS=''
LIBS=''
LIBTOOL='/bin/bash $(top_builddir)/libtool'
LIPO=''
LN_S='ln -s'
LTLIBOBJS=''
MANIFEST_TOOL=':'
NM='/opt/opmt/staging_dir/toolchain-mipsel_1004kc+dsp_gcc-4.8-linaro_musl-1.1.10/bin/mipsel-openwrt-linux-nm -B'
NMEDIT=''
OBJDUMP='mipsel-openwrt-linux-objdump'
OBJEXT='o'
OTOOL64=''
OTOOL=''
PACKAGE=''
PACKAGE_BUGREPORT=''
PACKAGE_NAME=''
PACKAGE_STRING=''
PACKAGE_TARNAME=''
PACKAGE_URL=''
PACKAGE_VERSION=''
PATH_SEPARATOR=':'
PLUGLIB='preloadable_libiconv.so'
RANLIB='mipsel-openwrt-linux-ranlib'
RELOCATABLE='no'
SED='/opt/opmt/staging_dir/host/bin/sed'
SET_MAKE=''
SHELL='/bin/bash'
STRIP='mipsel-openwrt-linux-strip'
VERSION=''
ac_ct_AR=''
ac_ct_CC=''
ac_ct_DUMPBIN=''
bindir='${exec_prefix}/bin'
build='x86_64-unknown-linux-gnu'
build_alias=''
build_cpu='x86_64'
build_os='linux-gnu'
build_vendor='unknown'
datadir='${datarootdir}'
datarootdir='${prefix}/share'
docdir='${datarootdir}/doc/${PACKAGE}'
dvidir='${docdir}'
exec_prefix='${prefix}'
host='mipsel-openwrt-linux-gnu'
host_alias='mipsel-openwrt-linux'
host_cpu='mipsel'
host_os='linux-gnu'
host_vendor='openwrt'
htmldir='${docdir}'
includedir='${prefix}/include'
infodir='${datarootdir}/info'
libdir='${exec_prefix}/lib'
libexecdir='${exec_prefix}/libexec'
localedir='${datarootdir}/locale'
localstatedir='${prefix}/var'
mandir='${datarootdir}/man'
oldincludedir='/usr/include'
pdfdir='${docdir}'
prefix='/usr/local'
program_transform_name='s,x,x,'
psdir='${docdir}'
sbindir='${exec_prefix}/sbin'
sharedstatedir='${prefix}/com'
sysconfdir='${prefix}/etc'
target_alias=''

## ----------- ##
## confdefs.h. ##
## ----------- ##

/* confdefs.h */
#define PACKAGE_NAME ""
#define PACKAGE_TARNAME ""
#define PACKAGE_VERSION ""
#define PACKAGE_STRING ""
#define PACKAGE_BUGREPORT ""
#define PACKAGE_URL ""
#define INSTALLPREFIX "/usr/local"
#define STDC_HEADERS 1
#define HAVE_SYS_TYPES_H 1
#define HAVE_SYS_STAT_H 1
#define HAVE_STDLIB_H 1
#define HAVE_STRING_H 1
#define HAVE_MEMORY_H 1
#define HAVE_STRINGS_H 1
#define HAVE_INTTYPES_H 1
#define HAVE_STDINT_H 1
#define HAVE_UNISTD_H 1
#define __EXTENSIONS__ 1
#define _ALL_SOURCE 1
#define _GNU_SOURCE 1
#define _POSIX_PTHREAD_SEMANTICS 1
#define _TANDEM_SOURCE 1
#define HAVE_DLFCN_H 1
#define LT_OBJDIR ".libs/"
#define HAVE_VISIBILITY 1

configure: exit 0
